<?xml version="1.0" encoding="UTF-8"?>
<!-- Generated by org.testng.reporters.JUnitXMLReporter -->
<testsuite ignored="3" hostname="asaqapc" failures="0" tests="2" name="Default test" time="8.851" errors="0" timestamp="2026-02-17T21:03:01 EET">
  <testcase classname="myTestCases.Hello" name="ReadData" time="0.082"/>
  <testcase classname="myTestCases.Hello" name="SignupWithDataBase" time="5.784"/>
  <testcase classname="myTestCases.Hello" name="myTestToAddData" time="0.0">
    <ignored/>
  </testcase> <!-- myTestToAddData -->
  <testcase classname="myTestCases.Hello" name="myTestTodeleteData" time="0.0">
    <ignored/>
  </testcase> <!-- myTestTodeleteData -->
  <testcase classname="myTestCases.Hello" name="myTestToupdateData" time="0.0">
    <ignored/>
  </testcase> <!-- myTestToupdateData -->
</testsuite> <!-- Default test -->
