<?xml version="1.0" encoding="UTF-8"?>
<testng-results ignored="3" total="5" passed="2" failed="0" skipped="0">
  <reporter-output>
  </reporter-output>
  <suite started-at="2026-02-17T21:02:52 EET" name="Default suite" finished-at="2026-02-17T21:03:01 EET" duration-ms="8851">
    <groups>
    </groups>
    <test started-at="2026-02-17T21:02:52 EET" name="Default test" finished-at="2026-02-17T21:03:01 EET" duration-ms="8851">
      <class name="myTestCases.Hello">
        <test-method is-config="true" signature="myBeforeTest()[pri:0, instance:myTestCases.Hello@31000e60]" started-at="2026-02-17T21:02:52 EET" name="myBeforeTest" finished-at="2026-02-17T21:02:55 EET" duration-ms="2936" status="PASS">
          <reporter-output>
          </reporter-output>
        </test-method> <!-- myBeforeTest -->
        <test-method signature="ReadData()[pri:2, instance:myTestCases.Hello@31000e60]" started-at="2026-02-17T21:02:55 EET" name="ReadData" finished-at="2026-02-17T21:02:55 EET" duration-ms="82" status="PASS">
          <reporter-output>
          </reporter-output>
        </test-method> <!-- ReadData -->
        <test-method signature="SignupWithDataBase()[pri:3, instance:myTestCases.Hello@31000e60]" started-at="2026-02-17T21:02:55 EET" name="SignupWithDataBase" finished-at="2026-02-17T21:03:01 EET" duration-ms="5784" status="PASS">
          <reporter-output>
          </reporter-output>
        </test-method> <!-- SignupWithDataBase -->
      </class> <!-- myTestCases.Hello -->
    </test> <!-- Default test -->
  </suite> <!-- Default suite -->
</testng-results>
