<?xml version="1.0" encoding="UTF-8"?>
<!-- Generated by org.testng.reporters.JUnitReportReporter -->
<testsuite hostname="asaqapc" failures="0" tests="5" name="myTestCases.Hello" time="5.866" errors="0" timestamp="2026-02-17T21:03:01 EET" skipped="3">
  <testcase classname="myTestCases.Hello" name="ReadData" time="0.082"/>
  <testcase classname="myTestCases.Hello" name="SignupWithDataBase" time="5.784"/>
  <testcase classname="myTestCases.Hello" name="myTestToAddData">
    <skipped/>
  </testcase> <!-- myTestToAddData -->
  <testcase classname="myTestCases.Hello" name="myTestTodeleteData">
    <skipped/>
  </testcase> <!-- myTestTodeleteData -->
  <testcase classname="myTestCases.Hello" name="myTestToupdateData">
    <skipped/>
  </testcase> <!-- myTestToupdateData -->
</testsuite> <!-- myTestCases.Hello -->
